

12:35:36:048 │ NA|System.ArgumentException: Value was either too large or too small for a Decimal.Couldn't store <1.68330895730717E+212> in TotalTradedValue Column.  Expected type is Decimal. ---> System.OverflowException: Value was either too large or too small for a Decimal.
   at System.Decimal..ctor(Double value)
   at System.Double.System.IConvertible.ToDecimal(IFormatProvider provider)
   at System.Data.Common.DecimalStorage.Set(Int32 record, Object value)
   at System.Data.DataColumn.set_Item(Int32 record, Object value)
   --- End of inner exception stack trace ---
   at System.Data.DataColumn.set_Item(Int32 record, Object value)
   at System.Data.DataRow.set_Item(DataColumn column, Object value)
   at System.Data.DataRow.set_Item(String columnName, Object value)
   at Client.Spread.spradTableMethods.UpdateRecord(Object sender, ReadOnlyEventArgs`1 Stat) in e:\SAN_SOFT\Nitin_Sir_Client_FO_FO\Client\Spread\spradTableMethods.cs:line 189
12:50:13:612 │ NA|System.ArgumentException: Value was either too large or too small for a Decimal.Couldn't store <1.68330895730717E+212> in TotalTradedValue Column.  Expected type is Decimal. ---> System.OverflowException: Value was either too large or too small for a Decimal.
   at System.Decimal..ctor(Double value)
   at System.Double.System.IConvertible.ToDecimal(IFormatProvider provider)
   at System.Data.Common.DecimalStorage.Set(Int32 record, Object value)
   at System.Data.DataColumn.set_Item(Int32 record, Object value)
   --- End of inner exception stack trace ---
   at System.Data.DataColumn.set_Item(Int32 record, Object value)
   at System.Data.DataRow.set_Item(DataColumn column, Object value)
   at System.Data.DataRow.set_Item(String columnName, Object value)
   at Client.Spread.spradTableMethods.UpdateRecord(Object sender, ReadOnlyEventArgs`1 Stat)




15:47:55:838 │ NA|System.ArgumentException: Value was either too large or too small for a Decimal.Couldn't store <5.39278916326828E+67> in TotalTradedValue Column.  Expected type is Decimal. ---> System.OverflowException: Value was either too large or too small for a Decimal.
   at System.Decimal..ctor(Double value)
   at System.Double.System.IConvertible.ToDecimal(IFormatProvider provider)
   at System.Data.Common.DecimalStorage.Set(Int32 record, Object value)
   at System.Data.DataColumn.set_Item(Int32 record, Object value)
   --- End of inner exception stack trace ---
   at System.Data.DataColumn.set_Item(Int32 record, Object value)
   at System.Data.DataRow.set_Item(DataColumn column, Object value)
   at System.Data.DataRow.set_Item(String columnName, Object value)
   at Client.Spread.spradTableMethods.UpdateRecord(Object sender, ReadOnlyEventArgs`1 Stat) in e:\SAN_SOFT\Nitin_Sir_Client_FO_FO\Client\Spread\spradTableMethods.cs:line 189
15:49:28:155 │ NA|System.ArgumentException: Value was either too large or too small for a Decimal.Couldn't store <5.39278916326828E+67> in TotalTradedValue Column.  Expected type is Decimal. ---> System.OverflowException: Value was either too large or too small for a Decimal.
   at System.Decimal..ctor(Double value)
   at System.Double.System.IConvertible.ToDecimal(IFormatProvider provider)
   at System.Data.Common.DecimalStorage.Set(Int32 record, Object value)
   at System.Data.DataColumn.set_Item(Int32 record, Object value)
   --- End of inner exception stack trace ---
   at System.Data.DataColumn.set_Item(Int32 record, Object value)
   at System.Data.DataRow.set_Item(DataColumn column, Object value)
   at System.Data.DataRow.set_Item(String columnName, Object value)
   at Client.Spread.spradTableMethods.UpdateRecord(Object sender, ReadOnlyEventArgs`1 Stat) in e:\SAN_SOFT\Nitin_Sir_Client_FO_FO\Client\Spread\spradTableMethods.cs:line 189
15:50:29:441 │ NA|System.ArgumentException: Value was either too large or too small for a Decimal.Couldn't store <5.39278916326828E+67> in TotalTradedValue Column.  Expected type is Decimal. ---> System.OverflowException: Value was either too large or too small for a Decimal.
   at System.Decimal..ctor(Double value)
   at System.Double.System.IConvertible.ToDecimal(IFormatProvider provider)
   at System.Data.Common.DecimalStorage.Set(Int32 record, Object value)
   at System.Data.DataColumn.set_Item(Int32 record, Object value)
   --- End of inner exception stack trace ---
   at System.Data.DataColumn.set_Item(Int32 record, Object value)
   at System.Data.DataRow.set_Item(DataColumn column, Object value)
   at System.Data.DataRow.set_Item(String columnName, Object value)
   at Client.Spread.spradTableMethods.UpdateRecord(Object sender, ReadOnlyEventArgs`1 Stat) in e:\SAN_SOFT\Nitin_Sir_Client_FO_FO\Client\Spread\spradTableMethods.cs:line 189
15:53:44:100 │ NA|System.ArgumentException: Value was either too large or too small for a Decimal.Couldn't store <5.39278916326828E+67> in TotalTradedValue Column.  Expected type is Decimal. ---> System.OverflowException: Value was either too large or too small for a Decimal.
   at System.Decimal..ctor(Double value)
   at System.Double.System.IConvertible.ToDecimal(IFormatProvider provider)
   at System.Data.Common.DecimalStorage.Set(Int32 record, Object value)
   at System.Data.DataColumn.set_Item(Int32 record, Object value)
   --- End of inner exception stack trace ---
   at System.Data.DataColumn.set_Item(Int32 record, Object value)
   at System.Data.DataRow.set_Item(DataColumn column, Object value)
   at System.Data.DataRow.set_Item(String columnName, Object value)
   at Client.Spread.spradTableMethods.UpdateRecord(Object sender, ReadOnlyEventArgs`1 Stat) in e:\SAN_SOFT\Nitin_Sir_Client_FO_FO\Client\Spread\spradTableMethods.cs:line 189
15:53:45:747 │ NA|System.ArgumentException: Value was either too large or too small for a Decimal.Couldn't store <5.39278916326828E+67> in TotalTradedValue Column.  Expected type is Decimal. ---> System.OverflowException: Value was either too large or too small for a Decimal.
   at System.Decimal..ctor(Double value)
   at System.Double.System.IConvertible.ToDecimal(IFormatProvider provider)
   at System.Data.Common.DecimalStorage.Set(Int32 record, Object value)
   at System.Data.DataColumn.set_Item(Int32 record, Object value)
   --- End of inner exception stack trace ---
   at System.Data.DataColumn.set_Item(Int32 record, Object value)
   at System.Data.DataRow.set_Item(DataColumn column, Object value)
   at System.Data.DataRow.set_Item(String columnName, Object value)
   at Client.Spread.spradTableMethods.UpdateRecord(Object sender, ReadOnlyEventArgs`1 Stat) in e:\SAN_SOFT\Nitin_Sir_Client_FO_FO\Client\Spread\spradTableMethods.cs:line 189
15:59:38:866 │ NA|System.ArgumentException: Value was either too large or too small for a Decimal.Couldn't store <1.25542094613567E+58> in TotalTradedValue Column.  Expected type is Decimal. ---> System.OverflowException: Value was either too large or too small for a Decimal.
   at System.Decimal..ctor(Double value)
   at System.Double.System.IConvertible.ToDecimal(IFormatProvider provider)
   at System.Data.Common.DecimalStorage.Set(Int32 record, Object value)
   at System.Data.DataColumn.set_Item(Int32 record, Object value)
   --- End of inner exception stack trace ---
   at System.Data.DataColumn.set_Item(Int32 record, Object value)
   at System.Data.DataRow.set_Item(DataColumn column, Object value)
   at System.Data.DataRow.set_Item(String columnName, Object value)
   at Client.Spread.spradTableMethods.UpdateRecord(Object sender, ReadOnlyEventArgs`1 Stat) in e:\SAN_SOFT\Nitin_Sir_Client_FO_FO\Client\Spread\spradTableMethods.cs:line 189
16:00:59:561 │ NA|System.ArgumentException: Value was either too large or too small for a Decimal.Couldn't store <1.15186313775001E+164> in TotalTradedValue Column.  Expected type is Decimal. ---> System.OverflowException: Value was either too large or too small for a Decimal.
   at System.Decimal..ctor(Double value)
   at System.Double.System.IConvertible.ToDecimal(IFormatProvider provider)
   at System.Data.Common.DecimalStorage.Set(Int32 record, Object value)
   at System.Data.DataColumn.set_Item(Int32 record, Object value)
   --- End of inner exception stack trace ---
   at System.Data.DataColumn.set_Item(Int32 record, Object value)
   at System.Data.DataRow.set_Item(DataColumn column, Object value)
   at System.Data.DataRow.set_Item(String columnName, Object value)
   at Client.Spread.spradTableMethods.UpdateRecord(Object sender, ReadOnlyEventArgs`1 Stat) in e:\SAN_SOFT\Nitin_Sir_Client_FO_FO\Client\Spread\spradTableMethods.cs:line 189
16:01:50:624 │ NA|System.ArgumentException: Value was either too large or too small for a Decimal.Couldn't store <5.39278916326828E+67> in TotalTradedValue Column.  Expected type is Decimal. ---> System.OverflowException: Value was either too large or too small for a Decimal.
   at System.Decimal..ctor(Double value)
   at System.Double.System.IConvertible.ToDecimal(IFormatProvider provider)
   at System.Data.Common.DecimalStorage.Set(Int32 record, Object value)
   at System.Data.DataColumn.set_Item(Int32 record, Object value)
   --- End of inner exception stack trace ---
   at System.Data.DataColumn.set_Item(Int32 record, Object value)
   at System.Data.DataRow.set_Item(DataColumn column, Object value)
   at System.Data.DataRow.set_Item(String columnName, Object value)
   at Client.Spread.spradTableMethods.UpdateRecord(Object sender, ReadOnlyEventArgs`1 Stat) in e:\SAN_SOFT\Nitin_Sir_Client_FO_FO\Client\Spread\spradTableMethods.cs:line 189
16:02:16:081 │ NA|System.ArgumentException: Value was either too large or too small for a Decimal.Couldn't store <5.39278916326828E+67> in TotalTradedValue Column.  Expected type is Decimal. ---> System.OverflowException: Value was either too large or too small for a Decimal.
   at System.Decimal..ctor(Double value)
   at System.Double.System.IConvertible.ToDecimal(IFormatProvider provider)
   at System.Data.Common.DecimalStorage.Set(Int32 record, Object value)
   at System.Data.DataColumn.set_Item(Int32 record, Object value)
   --- End of inner exception stack trace ---
   at System.Data.DataColumn.set_Item(Int32 record, Object value)
   at System.Data.DataRow.set_Item(DataColumn column, Object value)
   at System.Data.DataRow.set_Item(String columnName, Object value)
   at Client.Spread.spradTableMethods.UpdateRecord(Object sender, ReadOnlyEventArgs`1 Stat) in e:\SAN_SOFT\Nitin_Sir_Client_FO_FO\Client\Spread\spradTableMethods.cs:line 189
16:03:16:587 │ NA|System.ArgumentException: Value was either too large or too small for a Decimal.Couldn't store <3.53415471191634E+72> in TotalTradedValue Column.  Expected type is Decimal. ---> System.OverflowException: Value was either too large or too small for a Decimal.
   at System.Decimal..ctor(Double value)
   at System.Double.System.IConvertible.ToDecimal(IFormatProvider provider)
   at System.Data.Common.DecimalStorage.Set(Int32 record, Object value)
   at System.Data.DataColumn.set_Item(Int32 record, Object value)
   --- End of inner exception stack trace ---
   at System.Data.DataColumn.set_Item(Int32 record, Object value)
   at System.Data.DataRow.set_Item(DataColumn column, Object value)
   at System.Data.DataRow.set_Item(String columnName, Object value)
   at Client.Spread.spradTableMethods.UpdateRecord(Object sender, ReadOnlyEventArgs`1 Stat) in e:\SAN_SOFT\Nitin_Sir_Client_FO_FO\Client\Spread\spradTableMethods.cs:line 189
16:08:19:296 │ NA|System.ArgumentException: Value was either too large or too small for a Decimal.Couldn't store <3.53415471191634E+72> in TotalTradedValue Column.  Expected type is Decimal. ---> System.OverflowException: Value was either too large or too small for a Decimal.
   at System.Decimal..ctor(Double value)
   at System.Double.System.IConvertible.ToDecimal(IFormatProvider provider)
   at System.Data.Common.DecimalStorage.Set(Int32 record, Object value)
   at System.Data.DataColumn.set_Item(Int32 record, Object value)
   --- End of inner exception stack trace ---
   at System.Data.DataColumn.set_Item(Int32 record, Object value)
   at System.Data.DataRow.set_Item(DataColumn column, Object value)
   at System.Data.DataRow.set_Item(String columnName, Object value)
   at Client.Spread.spradTableMethods.UpdateRecord(Object sender, ReadOnlyEventArgs`1 Stat) in e:\SAN_SOFT\Nitin_Sir_Client_FO_FO\Client\Spread\spradTableMethods.cs:line 189
16:08:21:732 │ NA|System.ArgumentException: Value was either too large or too small for a Decimal.Couldn't store <3.53415471191634E+72> in TotalTradedValue Column.  Expected type is Decimal. ---> System.OverflowException: Value was either too large or too small for a Decimal.
   at System.Decimal..ctor(Double value)
   at System.Double.System.IConvertible.ToDecimal(IFormatProvider provider)
   at System.Data.Common.DecimalStorage.Set(Int32 record, Object value)
   at System.Data.DataColumn.set_Item(Int32 record, Object value)
   --- End of inner exception stack trace ---
   at System.Data.DataColumn.set_Item(Int32 record, Object value)
   at System.Data.DataRow.set_Item(DataColumn column, Object value)
   at System.Data.DataRow.set_Item(String columnName, Object value)
   at Client.Spread.spradTableMethods.UpdateRecord(Object sender, ReadOnlyEventArgs`1 Stat) in e:\SAN_SOFT\Nitin_Sir_Client_FO_FO\Client\Spread\spradTableMethods.cs:line 189
16:09:58:043 │ NA|System.ArgumentException: Value was either too large or too small for a Decimal.Couldn't store <3.53415471191634E+72> in TotalTradedValue Column.  Expected type is Decimal. ---> System.OverflowException: Value was either too large or too small for a Decimal.
   at System.Decimal..ctor(Double value)
   at System.Double.System.IConvertible.ToDecimal(IFormatProvider provider)
   at System.Data.Common.DecimalStorage.Set(Int32 record, Object value)
   at System.Data.DataColumn.set_Item(Int32 record, Object value)
   --- End of inner exception stack trace ---
   at System.Data.DataColumn.set_Item(Int32 record, Object value)
   at System.Data.DataRow.set_Item(DataColumn column, Object value)
   at System.Data.DataRow.set_Item(String columnName, Object value)
   at Client.Spread.spradTableMethods.UpdateRecord(Object sender, ReadOnlyEventArgs`1 Stat) in e:\SAN_SOFT\Nitin_Sir_Client_FO_FO\Client\Spread\spradTableMethods.cs:line 189
16:11:01:295 │ NA|System.ArgumentException: Value was either too large or too small for a Decimal.Couldn't store <1.15186313775001E+164> in TotalTradedValue Column.  Expected type is Decimal. ---> System.OverflowException: Value was either too large or too small for a Decimal.
   at System.Decimal..ctor(Double value)
   at System.Double.System.IConvertible.ToDecimal(IFormatProvider provider)
   at System.Data.Common.DecimalStorage.Set(Int32 record, Object value)
   at System.Data.DataColumn.set_Item(Int32 record, Object value)
   --- End of inner exception stack trace ---
   at System.Data.DataColumn.set_Item(Int32 record, Object value)
   at System.Data.DataRow.set_Item(DataColumn column, Object value)
   at System.Data.DataRow.set_Item(String columnName, Object value)
   at Client.Spread.spradTableMethods.UpdateRecord(Object sender, ReadOnlyEventArgs`1 Stat) in e:\SAN_SOFT\Nitin_Sir_Client_FO_FO\Client\Spread\spradTableMethods.cs:line 189
16:13:30:489 │ NA|System.ArgumentException: Value was either too large or too small for a Decimal.Couldn't store <3.53415471191634E+72> in TotalTradedValue Column.  Expected type is Decimal. ---> System.OverflowException: Value was either too large or too small for a Decimal.
   at System.Decimal..ctor(Double value)
   at System.Double.System.IConvertible.ToDecimal(IFormatProvider provider)
   at System.Data.Common.DecimalStorage.Set(Int32 record, Object value)
   at System.Data.DataColumn.set_Item(Int32 record, Object value)
   --- End of inner exception stack trace ---
   at System.Data.DataColumn.set_Item(Int32 record, Object value)
   at System.Data.DataRow.set_Item(DataColumn column, Object value)
   at System.Data.DataRow.set_Item(String columnName, Object value)
   at Client.Spread.spradTableMethods.UpdateRecord(Object sender, ReadOnlyEventArgs`1 Stat) in e:\SAN_SOFT\Nitin_Sir_Client_FO_FO\Client\Spread\spradTableMethods.cs:line 189
16:14:39:032 │ NA|System.ArgumentException: Value was either too large or too small for a Decimal.Couldn't store <1.1032656752975E+217> in TotalTradedValue Column.  Expected type is Decimal. ---> System.OverflowException: Value was either too large or too small for a Decimal.
   at System.Decimal..ctor(Double value)
   at System.Double.System.IConvertible.ToDecimal(IFormatProvider provider)
   at System.Data.Common.DecimalStorage.Set(Int32 record, Object value)
   at System.Data.DataColumn.set_Item(Int32 record, Object value)
   --- End of inner exception stack trace ---
   at System.Data.DataColumn.set_Item(Int32 record, Object value)
   at System.Data.DataRow.set_Item(DataColumn column, Object value)
   at System.Data.DataRow.set_Item(String columnName, Object value)
   at Client.Spread.spradTableMethods.UpdateRecord(Object sender, ReadOnlyEventArgs`1 Stat) in e:\SAN_SOFT\Nitin_Sir_Client_FO_FO\Client\Spread\spradTableMethods.cs:line 189
16:15:02:700 │ NA|System.ArgumentException: Value was either too large or too small for a Decimal.Couldn't store <1.51783886887634E+82> in TotalTradedValue Column.  Expected type is Decimal. ---> System.OverflowException: Value was either too large or too small for a Decimal.
   at System.Decimal..ctor(Double value)
   at System.Double.System.IConvertible.ToDecimal(IFormatProvider provider)
   at System.Data.Common.DecimalStorage.Set(Int32 record, Object value)
   at System.Data.DataColumn.set_Item(Int32 record, Object value)
   --- End of inner exception stack trace ---
   at System.Data.DataColumn.set_Item(Int32 record, Object value)
   at System.Data.DataRow.set_Item(DataColumn column, Object value)
   at System.Data.DataRow.set_Item(String columnName, Object value)
   at Client.Spread.spradTableMethods.UpdateRecord(Object sender, ReadOnlyEventArgs`1 Stat) in e:\SAN_SOFT\Nitin_Sir_Client_FO_FO\Client\Spread\spradTableMethods.cs:line 189
16:15:03:720 │ NA|System.ArgumentException: Value was either too large or too small for a Decimal.Couldn't store <9.94734820281304E+86> in TotalTradedValue Column.  Expected type is Decimal. ---> System.OverflowException: Value was either too large or too small for a Decimal.
   at System.Decimal..ctor(Double value)
   at System.Double.System.IConvertible.ToDecimal(IFormatProvider provider)
   at System.Data.Common.DecimalStorage.Set(Int32 record, Object value)
   at System.Data.DataColumn.set_Item(Int32 record, Object value)
   --- End of inner exception stack trace ---
   at System.Data.DataColumn.set_Item(Int32 record, Object value)
   at System.Data.DataRow.set_Item(DataColumn column, Object value)
   at System.Data.DataRow.set_Item(String columnName, Object value)
   at Client.Spread.spradTableMethods.UpdateRecord(Object sender, ReadOnlyEventArgs`1 Stat) in e:\SAN_SOFT\Nitin_Sir_Client_FO_FO\Client\Spread\spradTableMethods.cs:line 189
16:15:12:280 │ NA|System.ArgumentException: Value was either too large or too small for a Decimal.Couldn't store <4.27264958298349E+96> in TotalTradedValue Column.  Expected type is Decimal. ---> System.OverflowException: Value was either too large or too small for a Decimal.
   at System.Decimal..ctor(Double value)
   at System.Double.System.IConvertible.ToDecimal(IFormatProvider provider)
   at System.Data.Common.DecimalStorage.Set(Int32 record, Object value)
   at System.Data.DataColumn.set_Item(Int32 record, Object value)
   --- End of inner exception stack trace ---
   at System.Data.DataColumn.set_Item(Int32 record, Object value)
   at System.Data.DataRow.set_Item(DataColumn column, Object value)
   at System.Data.DataRow.set_Item(String columnName, Object value)
   at Client.Spread.spradTableMethods.UpdateRecord(Object sender, ReadOnlyEventArgs`1 Stat) in e:\SAN_SOFT\Nitin_Sir_Client_FO_FO\Client\Spread\spradTableMethods.cs:line 189
